2023/11/30 19:36:37 [error] 21320#11516: *1 CreateFile() "C:\Users\Ivan\Documents\FER\1. semestar\web2\lab\WEB2_cetvrti_projekt\nginx-1.24.0/html/favicon.ico" failed (2: The system cannot find the file specified), client: 127.0.0.1, server: localhost, request: "GET /favicon.ico HTTP/1.1", host: "localhost", referrer: "http://localhost/"
2023/11/30 19:38:42 [notice] 21508#9316: signal process started
2023/11/30 19:42:38 [emerg] 7876#3292: unknown directive "test1" in C:\Users\Ivan\Documents\FER\1. semestar\web2\lab\WEB2_cetvrti_projekt\nginx-1.24.0/conf/nginx.conf:46
2023/11/30 19:43:12 [emerg] 16684#13192: unknown directive "test1" in C:\Users\Ivan\Documents\FER\1. semestar\web2\lab\WEB2_cetvrti_projekt\nginx-1.24.0/conf/nginx.conf:46
2023/11/30 19:43:22 [emerg] 21784#6492: unknown directive "test1" in C:\Users\Ivan\Documents\FER\1. semestar\web2\lab\WEB2_cetvrti_projekt\nginx-1.24.0/conf/nginx.conf:46
2023/11/30 19:43:30 [emerg] 7684#11672: unknown directive "test1" in C:\Users\Ivan\Documents\FER\1. semestar\web2\lab\WEB2_cetvrti_projekt\nginx-1.24.0/conf/nginx.conf:46
2023/11/30 19:43:39 [emerg] 24184#23740: unknown directive "test" in C:\Users\Ivan\Documents\FER\1. semestar\web2\lab\WEB2_cetvrti_projekt\nginx-1.24.0/conf/nginx.conf:46
2023/11/30 19:43:45 [emerg] 24256#20700: unknown directive "test" in C:\Users\Ivan\Documents\FER\1. semestar\web2\lab\WEB2_cetvrti_projekt\nginx-1.24.0/conf/nginx.conf:46
2023/11/30 19:45:31 [notice] 24328#14196: signal process started
2023/11/30 19:45:52 [notice] 6416#12012: signal process started
2023/12/01 15:51:01 [error] 10948#14936: *2 CreateFile() "C:\Users\Ivan\Documents\FER\1. semestar\web2\lab\WEB2_cetvrti_projekt\nginx-1.24.0/html/favicon.ico" failed (2: The system cannot find the file specified), client: 127.0.0.1, server: localhost, request: "GET /favicon.ico HTTP/1.1", host: "localhost", referrer: "http://localhost/"
2023/12/01 15:51:49 [emerg] 24480#12796: cannot load certificate "./ssl_data/localhost.crt": BIO_new_file() failed (SSL: error:02001003:system library:fopen:No such process:fopen('./ssl_data/localhost.crt','r') error:2006D080:BIO routines:BIO_new_file:no such file)
2023/12/01 15:52:11 [notice] 1140#8148: signal process started
2023/12/01 15:55:41 [notice] 7812#12524: signal process started
2023/12/01 16:01:23 [emerg] 23224#20524: cannot load certificate "C:\Users\Ivan\Documents\FER\1. semestar\web2\lab\WEB2_cetvrti_projekt\nginx-1.24.0/conf/cert.pem": BIO_new_file() failed (SSL: error:02001002:system library:fopen:No such file or directory:fopen('C:\Users\Ivan\Documents\FER\1. semestar\web2\lab\WEB2_cetvrti_projekt\nginx-1.24.0/conf/cert.pem','r') error:2006D080:BIO routines:BIO_new_file:no such file)
2023/12/01 16:01:25 [emerg] 2592#23108: cannot load certificate "C:\Users\Ivan\Documents\FER\1. semestar\web2\lab\WEB2_cetvrti_projekt\nginx-1.24.0/conf/cert.pem": BIO_new_file() failed (SSL: error:02001002:system library:fopen:No such file or directory:fopen('C:\Users\Ivan\Documents\FER\1. semestar\web2\lab\WEB2_cetvrti_projekt\nginx-1.24.0/conf/cert.pem','r') error:2006D080:BIO routines:BIO_new_file:no such file)
2023/12/01 16:25:07 [notice] 2336#12848: signal process started
2023/12/01 16:26:06 [notice] 10088#11632: signal process started
2023/12/01 16:27:54 [notice] 21676#16432: signal process started
2023/12/01 16:27:54 [error] 21676#16432: CreateFile() "C:\Users\Ivan\Documents\FER\1. semestar\web2\lab\WEB2_cetvrti_projekt\nginx-1.24.0/logs/nginx.pid" failed (2: The system cannot find the file specified)
2023/12/01 16:29:18 [notice] 23212#5060: signal process started
2023/12/01 16:33:58 [error] 8544#2288: *13 CreateFile() "C:\Users\Ivan\Documents\FER\1. semestar\web2\lab\WEB2_cetvrti_projekt\nginx-1.24.0/html/favicon.ico" failed (2: The system cannot find the file specified), client: 127.0.0.1, server: localhost, request: "GET /favicon.ico HTTP/1.1", host: "localhost", referrer: "https://localhost/"
2023/12/01 16:34:39 [notice] 5016#21656: signal process started
2023/12/01 16:34:40 [notice] 21928#18440: signal process started
2023/12/01 16:34:40 [error] 21928#18440: CreateFile() "C:\Users\Ivan\Documents\FER\1. semestar\web2\lab\WEB2_cetvrti_projekt\nginx-1.24.0/logs/nginx.pid" failed (2: The system cannot find the file specified)
2023/12/01 16:39:52 [emerg] 23252#18320: invalid number of arguments in "ssl_certificate" directive in C:\Users\Ivan\Documents\FER\1. semestar\web2\lab\WEB2_cetvrti_projekt\nginx-1.24.0/conf/nginx.conf:38
2023/12/01 16:39:53 [emerg] 14216#23732: invalid number of arguments in "ssl_certificate" directive in C:\Users\Ivan\Documents\FER\1. semestar\web2\lab\WEB2_cetvrti_projekt\nginx-1.24.0/conf/nginx.conf:38
2023/12/01 16:40:23 [notice] 908#21116: signal process started
2023/12/01 16:40:24 [notice] 13208#24328: signal process started
2023/12/01 16:40:24 [error] 13208#24328: CreateFile() "C:\Users\Ivan\Documents\FER\1. semestar\web2\lab\WEB2_cetvrti_projekt\nginx-1.24.0/logs/nginx.pid" failed (2: The system cannot find the file specified)
2023/12/01 16:42:11 [notice] 4416#7844: signal process started
2023/12/01 16:42:12 [notice] 4656#9984: signal process started
2023/12/01 16:42:12 [error] 4656#9984: CreateFile() "C:\Users\Ivan\Documents\FER\1. semestar\web2\lab\WEB2_cetvrti_projekt\nginx-1.24.0/logs/nginx.pid" failed (2: The system cannot find the file specified)
2023/12/01 16:42:13 [notice] 24420#12320: signal process started
2023/12/01 16:42:13 [error] 24420#12320: CreateFile() "C:\Users\Ivan\Documents\FER\1. semestar\web2\lab\WEB2_cetvrti_projekt\nginx-1.24.0/logs/nginx.pid" failed (2: The system cannot find the file specified)
2023/12/02 12:58:09 [notice] 18400#21536: signal process started
2023/12/02 12:58:10 [notice] 14516#2224: signal process started
2023/12/02 12:58:10 [error] 14516#2224: CreateFile() "C:\Users\Ivan\Documents\FER\1. semestar\web2\lab\WEB2_cetvrti_projekt\nginx-1.24.0/logs/nginx.pid" failed (2: The system cannot find the file specified)
2023/12/02 13:02:35 [notice] 23252#11724: signal process started
2023/12/02 13:02:37 [notice] 20620#18548: signal process started
2023/12/02 13:02:37 [error] 20620#18548: CreateFile() "C:\Users\Ivan\Documents\FER\1. semestar\web2\lab\WEB2_cetvrti_projekt\nginx-1.24.0/logs/nginx.pid" failed (2: The system cannot find the file specified)
2023/12/02 14:13:57 [notice] 23160#15264: signal process started
2023/12/02 14:13:58 [notice] 13192#7444: signal process started
2023/12/02 14:13:58 [error] 13192#7444: CreateFile() "C:\Users\Ivan\Documents\FER\1. semestar\web2\lab\WEB2_cetvrti_projekt\nginx-1.24.0/logs/nginx.pid" failed (2: The system cannot find the file specified)
2023/12/02 14:18:00 [notice] 2536#22440: signal process started
2023/12/02 14:18:12 [error] 11380#2972: *6 directory index of "C:\Users\Ivan\Documents\FER\1. semestar\web2\lab\WEB2_cetvrti_projekt\nginx-1.24.0/html/lab4/" is forbidden, client: 127.0.0.1, server: localhost, request: "GET / HTTP/2.0", host: "localhost"
2023/12/02 14:25:24 [error] 11380#2972: *22 CreateFile() "C:\Users\Ivan\Documents\FER\1. semestar\web2\lab\WEB2_cetvrti_projekt\nginx-1.24.0/html/lab4/public/collapsable.css" failed (2: The system cannot find the file specified), client: 127.0.0.1, server: localhost, request: "GET /public/collapsable.css HTTP/2.0", host: "localhost", referrer: "https://localhost/"
2023/12/02 14:25:24 [error] 11380#2972: *22 CreateFile() "C:\Users\Ivan\Documents\FER\1. semestar\web2\lab\WEB2_cetvrti_projekt\nginx-1.24.0/html/lab4/public/collapsable.js" failed (2: The system cannot find the file specified), client: 127.0.0.1, server: localhost, request: "GET /public/collapsable.js HTTP/2.0", host: "localhost", referrer: "https://localhost/"
2023/12/02 14:26:15 [error] 11380#2972: *26 CreateFile() "C:\Users\Ivan\Documents\FER\1. semestar\web2\lab\WEB2_cetvrti_projekt\nginx-1.24.0/html/lab4/style/collapsable.css" failed (3: The system cannot find the path specified), client: 127.0.0.1, server: localhost, request: "GET /style/collapsable.css HTTP/2.0", host: "localhost", referrer: "https://localhost/"
2023/12/02 14:27:30 [notice] 12004#21832: signal process started
2023/12/02 14:27:31 [notice] 10068#18084: signal process started
2023/12/02 14:27:31 [error] 10068#18084: CreateFile() "C:\Users\Ivan\Documents\FER\1. semestar\web2\lab\WEB2_cetvrti_projekt\nginx-1.24.0/logs/nginx.pid" failed (2: The system cannot find the file specified)
2023/12/02 15:25:34 [notice] 17920#18060: signal process started
2023/12/02 15:25:36 [notice] 17216#24504: signal process started
2023/12/02 15:25:36 [error] 17216#24504: CreateFile() "C:\Users\Ivan\Documents\FER\1. semestar\web2\lab\WEB2_cetvrti_projekt\nginx-1.24.0/logs/nginx.pid" failed (2: The system cannot find the file specified)
2023/12/02 19:20:19 [notice] 4324#11224: signal process started
2023/12/02 19:20:20 [notice] 19392#32: signal process started
2023/12/02 19:20:20 [error] 19392#32: CreateFile() "C:\Users\Ivan\Documents\FER\1. semestar\web2\lab\WEB2_cetvrti_projekt\nginx-1.24.0/logs/nginx.pid" failed (2: The system cannot find the file specified)
2023/12/02 19:41:11 [notice] 6648#18028: signal process started
2023/12/02 19:41:12 [notice] 14512#22632: signal process started
2023/12/02 19:41:12 [error] 14512#22632: CreateFile() "C:\Users\Ivan\Documents\FER\1. semestar\web2\lab\WEB2_cetvrti_projekt\nginx-1.24.0/logs/nginx.pid" failed (2: The system cannot find the file specified)
2023/12/02 19:42:05 [notice] 20512#17900: signal process started
2023/12/02 19:42:06 [notice] 14636#23112: signal process started
2023/12/02 19:42:07 [notice] 15768#14796: signal process started
2023/12/02 19:42:08 [notice] 17176#4960: signal process started
2023/12/02 19:42:09 [notice] 8748#10136: signal process started
2023/12/02 19:42:09 [notice] 3784#11560: signal process started
2023/12/02 19:42:10 [notice] 10532#11856: signal process started
2023/12/02 19:42:10 [notice] 23776#2644: signal process started
2023/12/02 19:42:10 [error] 23776#2644: CreateFile() "C:\Users\Ivan\Documents\FER\1. semestar\web2\lab\WEB2_cetvrti_projekt\nginx-1.24.0/logs/nginx.pid" failed (2: The system cannot find the file specified)
2023/12/02 19:42:12 [notice] 22856#540: signal process started
2023/12/02 19:42:12 [error] 22856#540: CreateFile() "C:\Users\Ivan\Documents\FER\1. semestar\web2\lab\WEB2_cetvrti_projekt\nginx-1.24.0/logs/nginx.pid" failed (2: The system cannot find the file specified)
2023/12/02 19:42:13 [notice] 20752#5548: signal process started
2023/12/02 19:42:13 [error] 20752#5548: CreateFile() "C:\Users\Ivan\Documents\FER\1. semestar\web2\lab\WEB2_cetvrti_projekt\nginx-1.24.0/logs/nginx.pid" failed (2: The system cannot find the file specified)
2023/12/02 19:45:15 [notice] 19344#3596: signal process started
2023/12/02 19:45:16 [notice] 13524#17692: signal process started
2023/12/02 19:45:16 [error] 13524#17692: CreateFile() "C:\Users\Ivan\Documents\FER\1. semestar\web2\lab\WEB2_cetvrti_projekt\nginx-1.24.0/logs/nginx.pid" failed (2: The system cannot find the file specified)
2023/12/04 15:10:58 [error] 8264#5104: *16 CreateFile() "C:\Users\Ivan\Documents\FER\1. semestar\web2\lab\WEB2_cetvrti_projekt\nginx-1.24.0/html/lab4/favicon.ico" failed (2: The system cannot find the file specified), client: 127.0.0.1, server: localhost, request: "GET /favicon.ico HTTP/1.1", host: "localhost", referrer: "https://localhost/"
2023/12/04 15:13:27 [notice] 11496#3664: signal process started
2023/12/04 15:13:28 [notice] 8408#13716: signal process started
2023/12/04 15:13:28 [error] 8408#13716: CreateFile() "C:\Users\Ivan\Documents\FER\1. semestar\web2\lab\WEB2_cetvrti_projekt\nginx-1.24.0/logs/nginx.pid" failed (2: The system cannot find the file specified)
2023/12/04 15:14:03 [notice] 18236#11000: signal process started
2023/12/04 15:14:05 [notice] 13716#8408: signal process started
2023/12/04 15:14:05 [error] 13716#8408: CreateFile() "C:\Users\Ivan\Documents\FER\1. semestar\web2\lab\WEB2_cetvrti_projekt\nginx-1.24.0/logs/nginx.pid" failed (2: The system cannot find the file specified)
2023/12/04 15:15:25 [notice] 16332#7296: signal process started
2023/12/04 15:15:27 [notice] 4160#2460: signal process started
2023/12/04 15:15:29 [notice] 9380#18636: signal process started
2023/12/04 15:15:29 [error] 9380#18636: CreateFile() "C:\Users\Ivan\Documents\FER\1. semestar\web2\lab\WEB2_cetvrti_projekt\nginx-1.24.0/logs/nginx.pid" failed (2: The system cannot find the file specified)
2023/12/04 15:21:14 [error] 14560#7588: *27 CreateFile() "C:\Users\Ivan\Documents\FER\1. semestar\web2\lab\WEB2_cetvrti_projekt\nginx-1.24.0/html/lab4/favicon.ico" failed (2: The system cannot find the file specified), client: 127.0.0.1, server: localhost, request: "GET /favicon.ico HTTP/2.0", host: "localhost", referrer: "https://localhost/"
2023/12/04 15:39:58 [notice] 17800#7884: signal process started
2023/12/04 15:39:59 [notice] 9456#11788: signal process started
2023/12/04 15:39:59 [error] 9456#11788: CreateFile() "C:\Users\Ivan\Documents\FER\1. semestar\web2\lab\WEB2_cetvrti_projekt\nginx-1.24.0/logs/nginx.pid" failed (2: The system cannot find the file specified)
2023/12/04 16:10:25 [notice] 7748#17264: signal process started
2023/12/04 16:10:25 [notice] 16604#8116: signal process started
2023/12/04 16:10:25 [error] 16604#8116: CreateFile() "C:\Users\Ivan\Documents\FER\1. semestar\web2\lab\WEB2_cetvrti_projekt\nginx-1.24.0/logs/nginx.pid" failed (2: The system cannot find the file specified)
2023/12/04 16:16:34 [notice] 2052#5840: signal process started
2023/12/04 16:16:35 [notice] 19228#9560: signal process started
2023/12/04 16:16:35 [error] 19228#9560: CreateFile() "C:\Users\Ivan\Documents\FER\1. semestar\web2\lab\WEB2_cetvrti_projekt\nginx-1.24.0/logs/nginx.pid" failed (2: The system cannot find the file specified)
2023/12/04 16:54:01 [notice] 17780#16704: signal process started
2023/12/04 16:54:02 [notice] 2812#5260: signal process started
2023/12/04 16:54:02 [error] 2812#5260: CreateFile() "C:\Users\Ivan\Documents\FER\1. semestar\web2\lab\WEB2_cetvrti_projekt\nginx-1.24.0/logs/nginx.pid" failed (2: The system cannot find the file specified)
2023/12/04 16:54:03 [notice] 2548#10024: signal process started
2023/12/04 16:54:03 [error] 2548#10024: CreateFile() "C:\Users\Ivan\Documents\FER\1. semestar\web2\lab\WEB2_cetvrti_projekt\nginx-1.24.0/logs/nginx.pid" failed (2: The system cannot find the file specified)
